<?xml version="1.0" encoding="UTF-8"?>
<!-- Generated by org.testng.reporters.JUnitXMLReporter -->
<testsuite hostname="BDC6-DX-3QC7N62" ignored="0" name="Default test" tests="4" failures="0" timestamp="23 Apr 2019 09:26:44 GMT" time="19.176" errors="0">
  <testcase name="testRegistration" time="2.727" classname="testmeapp.test.OnlineShoppingTest"/>
  <testcase name="testLogin" time="0.415" classname="testmeapp.test.OnlineShoppingTest"/>
  <testcase name="testCart" time="6.242" classname="testmeapp.test.OnlineShoppingTest"/>
  <testcase name="testPayment" time="0.986" classname="testmeapp.test.OnlineShoppingTest"/>
</testsuite> <!-- Default test -->
